# JRE version: Java(TM) SE Runtime Environment (18.0.2+9) (build 18.0.2+9-61)
# Java VM: Java HotSpot(TM) 64-Bit Server VM (18.0.2+9-61, mixed mode, emulated-client, sharing, tiered, compressed oops, compressed class ptrs, g1 gc, windows-amd64)
GC Precious Log:
 CardTable entry size: 512
 Card Set container configuration: InlinePtr #cards 4 size 8 Array Of Cards #cards 16 size 48 Howl #buckets 8 coarsen threshold 3686 Howl Bitmap #cards 512 size 80 coarsen threshold 460 Card regions per heap region 1 cards per card region 4096
 CPUs: 8 total, 8 available
 Memory: 16221M
 Large Page Support: Disabled
 NUMA Support: Disabled
 Compressed Oops: Enabled (Zero based)
 Heap Region Size: 2M
 Heap Min Capacity: 8M
 Heap Initial Capacity: 254M
 Heap Max Capacity: 4056M
 Pre-touch: Disabled
 Parallel Workers: 8
 Concurrent Workers: 2
 Concurrent Refinement Workers: 8
 Periodic GC: Disabled
Heap:
 garbage-first heap   total 90112K, used 63889K [0x0000000702800000, 0x0000000800000000)
  region size 2048K, 16 young (32768K), 3 survivors (6144K)
 Metaspace       used 77600K, committed 78336K, reserved 1179648K
  class space    used 10366K, committed 10688K, reserved 1048576K
GC Heap History (20 events):
Event: 1167.507 GC heap before
{Heap before GC invocations=61 (full 9):
 garbage-first heap   total 90112K, used 64799K [0x0000000702800000, 0x0000000800000000)
  region size 2048K, 17 young (34816K), 2 survivors (4096K)
 Metaspace       used 77611K, committed 78464K, reserved 1179648K
  class space    used 10277K, committed 10624K, reserved 1048576K
}
Event: 1167.514 GC heap after
{Heap after GC invocations=62 (full 9):
 garbage-first heap   total 90112K, used 36211K [0x0000000702800000, 0x0000000800000000)
  region size 2048K, 3 young (6144K), 3 survivors (6144K)
 Metaspace       used 77611K, committed 78464K, reserved 1179648K
  class space    used 10277K, committed 10624K, reserved 1048576K
}
Event: 1182.666 GC heap before
{Heap before GC invocations=62 (full 9):
 garbage-first heap   total 90112K, used 62835K [0x0000000702800000, 0x0000000800000000)
  region size 2048K, 17 young (34816K), 3 survivors (6144K)
 Metaspace       used 77923K, committed 78592K, reserved 1179648K
  class space    used 10314K, committed 10624K, reserved 1048576K
}
Event: 1182.674 GC heap after
{Heap after GC invocations=63 (full 9):
 garbage-first heap   total 90112K, used 36927K [0x0000000702800000, 0x0000000800000000)
  region size 2048K, 2 young (4096K), 2 survivors (4096K)
 Metaspace       used 77923K, committed 78592K, reserved 1179648K
  class space    used 10314K, committed 10624K, reserved 1048576K
}
Event: 1461.757 GC heap before
{Heap before GC invocations=63 (full 9):
 garbage-first heap   total 90112K, used 63551K [0x0000000702800000, 0x0000000800000000)
  region size 2048K, 16 young (32768K), 2 survivors (4096K)
 Metaspace       used 78027K, committed 78656K, reserved 1179648K
  class space    used 10343K, committed 10624K, reserved 1048576K
}
Event: 1461.762 GC heap after
{Heap after GC invocations=64 (full 9):
 garbage-first heap   total 90112K, used 37026K [0x0000000702800000, 0x0000000800000000)
  region size 2048K, 1 young (2048K), 1 survivors (2048K)
 Metaspace       used 78027K, committed 78656K, reserved 1179648K
  class space    used 10343K, committed 10624K, reserved 1048576K
}
Event: 1482.386 GC heap before
{Heap before GC invocations=65 (full 9):
 garbage-first heap   total 90112K, used 63650K [0x0000000702800000, 0x0000000800000000)
  region size 2048K, 15 young (30720K), 1 survivors (2048K)
 Metaspace       used 77307K, committed 78336K, reserved 1179648K
  class space    used 10281K, committed 10624K, reserved 1048576K
}
Event: 1482.394 GC heap after
{Heap after GC invocations=66 (full 9):
 garbage-first heap   total 90112K, used 36760K [0x0000000702800000, 0x0000000800000000)
  region size 2048K, 1 young (2048K), 1 survivors (2048K)
 Metaspace       used 77307K, committed 78336K, reserved 1179648K
  class space    used 10281K, committed 10624K, reserved 1048576K
}
Event: 1488.517 GC heap before
{Heap before GC invocations=66 (full 9):
 garbage-first heap   total 90112K, used 38808K [0x0000000702800000, 0x0000000800000000)
  region size 2048K, 2 young (4096K), 1 survivors (2048K)
 Metaspace       used 77307K, committed 78336K, reserved 1179648K
  class space    used 10281K, committed 10624K, reserved 1048576K
}
Event: 1488.520 GC heap after
{Heap after GC invocations=67 (full 9):
 garbage-first heap   total 90112K, used 35279K [0x0000000702800000, 0x0000000800000000)
  region size 2048K, 1 young (2048K), 1 survivors (2048K)
 Metaspace       used 77307K, committed 78336K, reserved 1179648K
  class space    used 10281K, committed 10624K, reserved 1048576K
}
Event: 1551.149 GC heap before
{Heap before GC invocations=67 (full 9):
 garbage-first heap   total 90112K, used 43471K [0x0000000702800000, 0x0000000800000000)
  region size 2048K, 6 young (12288K), 1 survivors (2048K)
 Metaspace       used 77424K, committed 78336K, reserved 1179648K
  class space    used 10305K, committed 10624K, reserved 1048576K
}
Event: 1551.221 GC heap after
{Heap after GC invocations=68 (full 10):
 garbage-first heap   total 90112K, used 26229K [0x0000000702800000, 0x0000000800000000)
  region size 2048K, 0 young (0K), 0 survivors (0K)
 Metaspace       used 76816K, committed 78272K, reserved 1179648K
  class space    used 10261K, committed 10624K, reserved 1048576K
}
Event: 1552.450 GC heap before
{Heap before GC invocations=68 (full 10):
 garbage-first heap   total 90112K, used 69237K [0x0000000702800000, 0x0000000800000000)
  region size 2048K, 21 young (43008K), 0 survivors (0K)
 Metaspace       used 76987K, committed 78272K, reserved 1179648K
  class space    used 10291K, committed 10624K, reserved 1048576K
}
Event: 1552.455 GC heap after
{Heap after GC invocations=69 (full 10):
 garbage-first heap   total 90112K, used 30321K [0x0000000702800000, 0x0000000800000000)
  region size 2048K, 2 young (4096K), 2 survivors (4096K)
 Metaspace       used 76987K, committed 78272K, reserved 1179648K
  class space    used 10291K, committed 10624K, reserved 1048576K
}
Event: 1552.941 GC heap before
{Heap before GC invocations=69 (full 10):
 garbage-first heap   total 90112K, used 67185K [0x0000000702800000, 0x0000000800000000)
  region size 2048K, 20 young (40960K), 2 survivors (4096K)
 Metaspace       used 77230K, committed 78272K, reserved 1179648K
  class space    used 10326K, committed 10624K, reserved 1048576K
}
Event: 1552.947 GC heap after
{Heap after GC invocations=70 (full 10):
 garbage-first heap   total 90112K, used 32428K [0x0000000702800000, 0x0000000800000000)
  region size 2048K, 2 young (4096K), 2 survivors (4096K)
 Metaspace       used 77230K, committed 78272K, reserved 1179648K
  class space    used 10326K, committed 10624K, reserved 1048576K
}
Event: 1553.238 GC heap before
{Heap before GC invocations=70 (full 10):
 garbage-first heap   total 90112K, used 67244K [0x0000000702800000, 0x0000000800000000)
  region size 2048K, 19 young (38912K), 2 survivors (4096K)
 Metaspace       used 77368K, committed 78272K, reserved 1179648K
  class space    used 10339K, committed 10624K, reserved 1048576K
}
Event: 1553.244 GC heap after
{Heap after GC invocations=71 (full 10):
 garbage-first heap   total 90112K, used 34978K [0x0000000702800000, 0x0000000800000000)
  region size 2048K, 3 young (6144K), 3 survivors (6144K)
 Metaspace       used 77368K, committed 78272K, reserved 1179648K
  class space    used 10339K, committed 10624K, reserved 1048576K
}
Event: 1560.827 GC heap before
{Heap before GC invocations=71 (full 10):
 garbage-first heap   total 90112K, used 65698K [0x0000000702800000, 0x0000000800000000)
  region size 2048K, 19 young (38912K), 3 survivors (6144K)
 Metaspace       used 77498K, committed 78336K, reserved 1179648K
  class space    used 10362K, committed 10688K, reserved 1048576K
}
Event: 1560.838 GC heap after
{Heap after GC invocations=72 (full 10):
 garbage-first heap   total 90112K, used 39313K [0x0000000702800000, 0x0000000800000000)
  region size 2048K, 3 young (6144K), 3 survivors (6144K)
 Metaspace       used 77498K, committed 78336K, reserved 1179648K
  class space    used 10362K, committed 10688K, reserved 1048576K
}

