# JRE version: Java(TM) SE Runtime Environment (18.0.2+9) (build 18.0.2+9-61)
# Java VM: Java HotSpot(TM) 64-Bit Server VM (18.0.2+9-61, mixed mode, emulated-client, sharing, tiered, compressed oops, compressed class ptrs, g1 gc, windows-amd64)
GC Precious Log:
 CardTable entry size: 512
 Card Set container configuration: InlinePtr #cards 4 size 8 Array Of Cards #cards 16 size 48 Howl #buckets 8 coarsen threshold 3686 Howl Bitmap #cards 512 size 80 coarsen threshold 460 Card regions per heap region 1 cards per card region 4096
 CPUs: 8 total, 8 available
 Memory: 16221M
 Large Page Support: Disabled
 NUMA Support: Disabled
 Compressed Oops: Enabled (Zero based)
 Heap Region Size: 2M
 Heap Min Capacity: 8M
 Heap Initial Capacity: 254M
 Heap Max Capacity: 4056M
 Pre-touch: Disabled
 Parallel Workers: 8
 Concurrent Workers: 2
 Concurrent Refinement Workers: 8
 Periodic GC: Disabled
Heap:
 garbage-first heap   total 137216K, used 49097K [0x0000000702800000, 0x0000000800000000)
  region size 2048K, 4 young (8192K), 3 survivors (6144K)
 Metaspace       used 85825K, committed 86528K, reserved 1179648K
  class space    used 11145K, committed 11456K, reserved 1048576K
GC Heap History (20 events):
Event: 743.413 GC heap before
{Heap before GC invocations=38 (full 5):
 garbage-first heap   total 137216K, used 107176K [0x0000000702800000, 0x0000000800000000)
  region size 2048K, 31 young (63488K), 0 survivors (0K)
 Metaspace       used 83588K, committed 84288K, reserved 1179648K
  class space    used 10917K, committed 11264K, reserved 1048576K
}
Event: 743.416 GC heap after
{Heap after GC invocations=39 (full 5):
 garbage-first heap   total 137216K, used 47784K [0x0000000702800000, 0x0000000800000000)
  region size 2048K, 2 young (4096K), 2 survivors (4096K)
 Metaspace       used 83588K, committed 84288K, reserved 1179648K
  class space    used 10917K, committed 11264K, reserved 1048576K
}
Event: 743.713 GC heap before
{Heap before GC invocations=39 (full 5):
 garbage-first heap   total 137216K, used 107176K [0x0000000702800000, 0x0000000800000000)
  region size 2048K, 31 young (63488K), 2 survivors (4096K)
 Metaspace       used 83831K, committed 84544K, reserved 1179648K
  class space    used 10933K, committed 11328K, reserved 1048576K
}
Event: 743.716 GC heap after
{Heap after GC invocations=40 (full 5):
 garbage-first heap   total 137216K, used 49734K [0x0000000702800000, 0x0000000800000000)
  region size 2048K, 3 young (6144K), 3 survivors (6144K)
 Metaspace       used 83831K, committed 84544K, reserved 1179648K
  class space    used 10933K, committed 11328K, reserved 1048576K
}
Event: 763.189 GC heap before
{Heap before GC invocations=40 (full 5):
 garbage-first heap   total 137216K, used 94790K [0x0000000702800000, 0x0000000800000000)
  region size 2048K, 26 young (53248K), 3 survivors (6144K)
 Metaspace       used 83971K, committed 84672K, reserved 1179648K
  class space    used 10943K, committed 11328K, reserved 1048576K
}
Event: 763.233 GC heap after
{Heap after GC invocations=41 (full 6):
 garbage-first heap   total 137216K, used 46717K [0x0000000702800000, 0x0000000800000000)
  region size 2048K, 0 young (0K), 0 survivors (0K)
 Metaspace       used 83971K, committed 84672K, reserved 1179648K
  class space    used 10943K, committed 11328K, reserved 1048576K
}
Event: 763.785 GC heap before
{Heap before GC invocations=41 (full 6):
 garbage-first heap   total 137216K, used 104061K [0x0000000702800000, 0x0000000800000000)
  region size 2048K, 29 young (59392K), 0 survivors (0K)
 Metaspace       used 84109K, committed 84800K, reserved 1179648K
  class space    used 10960K, committed 11328K, reserved 1048576K
}
Event: 763.788 GC heap after
{Heap after GC invocations=42 (full 6):
 garbage-first heap   total 137216K, used 50987K [0x0000000702800000, 0x0000000800000000)
  region size 2048K, 3 young (6144K), 3 survivors (6144K)
 Metaspace       used 84109K, committed 84800K, reserved 1179648K
  class space    used 10960K, committed 11328K, reserved 1048576K
}
Event: 764.069 GC heap before
{Heap before GC invocations=42 (full 6):
 garbage-first heap   total 137216K, used 106283K [0x0000000702800000, 0x0000000800000000)
  region size 2048K, 30 young (61440K), 3 survivors (6144K)
 Metaspace       used 84325K, committed 84992K, reserved 1179648K
  class space    used 10975K, committed 11328K, reserved 1048576K
}
Event: 764.072 GC heap after
{Heap after GC invocations=43 (full 6):
 garbage-first heap   total 137216K, used 52508K [0x0000000702800000, 0x0000000800000000)
  region size 2048K, 3 young (6144K), 3 survivors (6144K)
 Metaspace       used 84325K, committed 84992K, reserved 1179648K
  class space    used 10975K, committed 11328K, reserved 1048576K
}
Event: 779.054 GC heap before
{Heap before GC invocations=43 (full 6):
 garbage-first heap   total 137216K, used 107804K [0x0000000702800000, 0x0000000800000000)
  region size 2048K, 30 young (61440K), 3 survivors (6144K)
 Metaspace       used 84478K, committed 85184K, reserved 1179648K
  class space    used 10983K, committed 11328K, reserved 1048576K
}
Event: 779.058 GC heap after
{Heap after GC invocations=44 (full 6):
 garbage-first heap   total 137216K, used 54206K [0x0000000702800000, 0x0000000800000000)
  region size 2048K, 3 young (6144K), 3 survivors (6144K)
 Metaspace       used 84478K, committed 85184K, reserved 1179648K
  class space    used 10983K, committed 11328K, reserved 1048576K
}
Event: 932.111 GC heap before
{Heap before GC invocations=44 (full 6):
 garbage-first heap   total 137216K, used 78782K [0x0000000702800000, 0x0000000800000000)
  region size 2048K, 17 young (34816K), 3 survivors (6144K)
 Metaspace       used 85338K, committed 86080K, reserved 1179648K
  class space    used 11113K, committed 11456K, reserved 1048576K
}
Event: 932.163 GC heap after
{Heap after GC invocations=45 (full 7):
 garbage-first heap   total 137216K, used 41392K [0x0000000702800000, 0x0000000800000000)
  region size 2048K, 0 young (0K), 0 survivors (0K)
 Metaspace       used 85280K, committed 86080K, reserved 1179648K
  class space    used 11100K, committed 11456K, reserved 1048576K
}
Event: 932.763 GC heap before
{Heap before GC invocations=45 (full 7):
 garbage-first heap   total 137216K, used 102832K [0x0000000702800000, 0x0000000800000000)
  region size 2048K, 31 young (63488K), 0 survivors (0K)
 Metaspace       used 85426K, committed 86144K, reserved 1179648K
  class space    used 11117K, committed 11456K, reserved 1048576K
}
Event: 932.766 GC heap after
{Heap after GC invocations=46 (full 7):
 garbage-first heap   total 137216K, used 45488K [0x0000000702800000, 0x0000000800000000)
  region size 2048K, 2 young (4096K), 2 survivors (4096K)
 Metaspace       used 85426K, committed 86144K, reserved 1179648K
  class space    used 11117K, committed 11456K, reserved 1048576K
}
Event: 933.073 GC heap before
{Heap before GC invocations=46 (full 7):
 garbage-first heap   total 137216K, used 104880K [0x0000000702800000, 0x0000000800000000)
  region size 2048K, 31 young (63488K), 2 survivors (4096K)
 Metaspace       used 85672K, committed 86336K, reserved 1179648K
  class space    used 11134K, committed 11456K, reserved 1048576K
}
Event: 933.077 GC heap after
{Heap after GC invocations=47 (full 7):
 garbage-first heap   total 137216K, used 47460K [0x0000000702800000, 0x0000000800000000)
  region size 2048K, 3 young (6144K), 3 survivors (6144K)
 Metaspace       used 85672K, committed 86336K, reserved 1179648K
  class space    used 11134K, committed 11456K, reserved 1048576K
}
Event: 1054.553 GC heap before
{Heap before GC invocations=47 (full 7):
 garbage-first heap   total 137216K, used 104804K [0x0000000702800000, 0x0000000800000000)
  region size 2048K, 31 young (63488K), 3 survivors (6144K)
 Metaspace       used 85820K, committed 86528K, reserved 1179648K
  class space    used 11144K, committed 11456K, reserved 1048576K
}
Event: 1054.557 GC heap after
{Heap after GC invocations=48 (full 7):
 garbage-first heap   total 137216K, used 49097K [0x0000000702800000, 0x0000000800000000)
  region size 2048K, 3 young (6144K), 3 survivors (6144K)
 Metaspace       used 85820K, committed 86528K, reserved 1179648K
  class space    used 11144K, committed 11456K, reserved 1048576K
}

