# JRE version: Java(TM) SE Runtime Environment (18.0.2+9) (build 18.0.2+9-61)
# Java VM: Java HotSpot(TM) 64-Bit Server VM (18.0.2+9-61, mixed mode, emulated-client, sharing, tiered, compressed oops, compressed class ptrs, g1 gc, windows-amd64)
GC Precious Log:
 CardTable entry size: 512
 Card Set container configuration: InlinePtr #cards 4 size 8 Array Of Cards #cards 16 size 48 Howl #buckets 8 coarsen threshold 3686 Howl Bitmap #cards 512 size 80 coarsen threshold 460 Card regions per heap region 1 cards per card region 4096
 CPUs: 8 total, 8 available
 Memory: 16221M
 Large Page Support: Disabled
 NUMA Support: Disabled
 Compressed Oops: Enabled (Zero based)
 Heap Region Size: 2M
 Heap Min Capacity: 8M
 Heap Initial Capacity: 254M
 Heap Max Capacity: 4056M
 Pre-touch: Disabled
 Parallel Workers: 8
 Concurrent Workers: 2
 Concurrent Refinement Workers: 8
 Periodic GC: Disabled
Heap:
 garbage-first heap   total 116736K, used 49344K [0x0000000702800000, 0x0000000800000000)
  region size 2048K, 15 young (30720K), 4 survivors (8192K)
 Metaspace       used 60087K, committed 60672K, reserved 1114112K
  class space    used 8303K, committed 8576K, reserved 1048576K
GC Heap History (20 events):
Event: 1.703 GC heap before
{Heap before GC invocations=5 (full 0):
 garbage-first heap   total 69632K, used 15950K [0x0000000702800000, 0x0000000800000000)
  region size 2048K, 5 young (10240K), 4 survivors (8192K)
 Metaspace       used 23484K, committed 23808K, reserved 1114112K
  class space    used 3075K, committed 3200K, reserved 1048576K
}
Event: 1.707 GC heap after
{Heap after GC invocations=6 (full 0):
 garbage-first heap   total 69632K, used 14574K [0x0000000702800000, 0x0000000800000000)
  region size 2048K, 1 young (2048K), 1 survivors (2048K)
 Metaspace       used 23484K, committed 23808K, reserved 1114112K
  class space    used 3075K, committed 3200K, reserved 1048576K
}
Event: 1.950 GC heap before
{Heap before GC invocations=6 (full 0):
 garbage-first heap   total 69632K, used 45294K [0x0000000702800000, 0x0000000800000000)
  region size 2048K, 16 young (32768K), 1 survivors (2048K)
 Metaspace       used 25065K, committed 25408K, reserved 1114112K
  class space    used 3310K, committed 3456K, reserved 1048576K
}
Event: 1.952 GC heap after
{Heap after GC invocations=7 (full 0):
 garbage-first heap   total 110592K, used 14890K [0x0000000702800000, 0x0000000800000000)
  region size 2048K, 1 young (2048K), 1 survivors (2048K)
 Metaspace       used 25065K, committed 25408K, reserved 1114112K
  class space    used 3310K, committed 3456K, reserved 1048576K
}
Event: 2.531 GC heap before
{Heap before GC invocations=7 (full 0):
 garbage-first heap   total 110592K, used 76330K [0x0000000702800000, 0x0000000800000000)
  region size 2048K, 32 young (65536K), 1 survivors (2048K)
 Metaspace       used 29413K, committed 29760K, reserved 1114112K
  class space    used 3985K, committed 4160K, reserved 1048576K
}
Event: 2.534 GC heap after
{Heap after GC invocations=8 (full 0):
 garbage-first heap   total 110592K, used 17574K [0x0000000702800000, 0x0000000800000000)
  region size 2048K, 2 young (4096K), 2 survivors (4096K)
 Metaspace       used 29413K, committed 29760K, reserved 1114112K
  class space    used 3985K, committed 4160K, reserved 1048576K
}
Event: 2.987 GC heap before
{Heap before GC invocations=8 (full 0):
 garbage-first heap   total 110592K, used 79014K [0x0000000702800000, 0x0000000800000000)
  region size 2048K, 32 young (65536K), 2 survivors (4096K)
 Metaspace       used 34453K, committed 34880K, reserved 1114112K
  class space    used 4621K, committed 4864K, reserved 1048576K
}
Event: 2.992 GC heap after
{Heap after GC invocations=9 (full 0):
 garbage-first heap   total 110592K, used 20957K [0x0000000702800000, 0x0000000800000000)
  region size 2048K, 4 young (8192K), 4 survivors (8192K)
 Metaspace       used 34453K, committed 34880K, reserved 1114112K
  class space    used 4621K, committed 4864K, reserved 1048576K
}
Event: 3.143 GC heap before
{Heap before GC invocations=9 (full 0):
 garbage-first heap   total 110592K, used 37341K [0x0000000702800000, 0x0000000800000000)
  region size 2048K, 13 young (26624K), 4 survivors (8192K)
 Metaspace       used 35662K, committed 36096K, reserved 1114112K
  class space    used 4826K, committed 5056K, reserved 1048576K
}
Event: 3.148 GC heap after
{Heap after GC invocations=10 (full 0):
 garbage-first heap   total 110592K, used 21952K [0x0000000702800000, 0x0000000800000000)
  region size 2048K, 3 young (6144K), 3 survivors (6144K)
 Metaspace       used 35662K, committed 36096K, reserved 1114112K
  class space    used 4826K, committed 5056K, reserved 1048576K
}
Event: 3.469 GC heap before
{Heap before GC invocations=11 (full 0):
 garbage-first heap   total 96256K, used 71104K [0x0000000702800000, 0x0000000800000000)
  region size 2048K, 28 young (57344K), 3 survivors (6144K)
 Metaspace       used 40496K, committed 40896K, reserved 1114112K
  class space    used 5631K, committed 5824K, reserved 1048576K
}
Event: 3.472 GC heap after
{Heap after GC invocations=12 (full 0):
 garbage-first heap   total 96256K, used 22832K [0x0000000702800000, 0x0000000800000000)
  region size 2048K, 3 young (6144K), 3 survivors (6144K)
 Metaspace       used 40496K, committed 40896K, reserved 1114112K
  class space    used 5631K, committed 5824K, reserved 1048576K
}
Event: 3.842 GC heap before
{Heap before GC invocations=12 (full 0):
 garbage-first heap   total 96256K, used 71984K [0x0000000702800000, 0x0000000800000000)
  region size 2048K, 28 young (57344K), 3 survivors (6144K)
 Metaspace       used 47986K, committed 48448K, reserved 1114112K
  class space    used 6532K, committed 6720K, reserved 1048576K
}
Event: 3.847 GC heap after
{Heap after GC invocations=13 (full 0):
 garbage-first heap   total 96256K, used 24798K [0x0000000702800000, 0x0000000800000000)
  region size 2048K, 2 young (4096K), 2 survivors (4096K)
 Metaspace       used 47986K, committed 48448K, reserved 1114112K
  class space    used 6532K, committed 6720K, reserved 1048576K
}
Event: 4.138 GC heap before
{Heap before GC invocations=13 (full 0):
 garbage-first heap   total 96256K, used 75998K [0x0000000702800000, 0x0000000800000000)
  region size 2048K, 27 young (55296K), 2 survivors (4096K)
 Metaspace       used 52014K, committed 52544K, reserved 1114112K
  class space    used 7057K, committed 7296K, reserved 1048576K
}
Event: 4.142 GC heap after
{Heap after GC invocations=14 (full 0):
 garbage-first heap   total 116736K, used 26060K [0x0000000702800000, 0x0000000800000000)
  region size 2048K, 3 young (6144K), 3 survivors (6144K)
 Metaspace       used 52014K, committed 52544K, reserved 1114112K
  class space    used 7057K, committed 7296K, reserved 1048576K
}
Event: 4.655 GC heap before
{Heap before GC invocations=14 (full 0):
 garbage-first heap   total 116736K, used 89548K [0x0000000702800000, 0x0000000800000000)
  region size 2048K, 34 young (69632K), 3 survivors (6144K)
 Metaspace       used 57104K, committed 57728K, reserved 1114112K
  class space    used 7884K, committed 8192K, reserved 1048576K
}
Event: 4.659 GC heap after
{Heap after GC invocations=15 (full 0):
 garbage-first heap   total 116736K, used 27887K [0x0000000702800000, 0x0000000800000000)
  region size 2048K, 4 young (8192K), 4 survivors (8192K)
 Metaspace       used 57104K, committed 57728K, reserved 1114112K
  class space    used 7884K, committed 8192K, reserved 1048576K
}
Event: 4.878 GC heap before
{Heap before GC invocations=15 (full 0):
 garbage-first heap   total 116736K, used 58607K [0x0000000702800000, 0x0000000800000000)
  region size 2048K, 20 young (40960K), 4 survivors (8192K)
 Metaspace       used 59890K, committed 60480K, reserved 1114112K
  class space    used 8270K, committed 8512K, reserved 1048576K
}
Event: 4.884 GC heap after
{Heap after GC invocations=16 (full 0):
 garbage-first heap   total 116736K, used 28864K [0x0000000702800000, 0x0000000800000000)
  region size 2048K, 4 young (8192K), 4 survivors (8192K)
 Metaspace       used 59890K, committed 60480K, reserved 1114112K
  class space    used 8270K, committed 8512K, reserved 1048576K
}

